<?xml version="1.0" encoding="UTF-8"?>
<!-- Generated by org.testng.reporters.JUnitReportReporter -->
<testsuite hostname="DESKTOP-8R7K7D8" failures="0" tests="1" name="practice.test.RelianceApplication" time="9.016" errors="0" timestamp="24 Jan 2025 11:13:03 GMT" skipped="0">
  <testcase classname="practice.test.RelianceApplication" name="loginApp" time="9.016"/>
</testsuite> <!-- practice.test.RelianceApplication -->
