<?xml version="1.0" encoding="UTF-8"?>
<!-- Generated by org.testng.reporters.JUnitReportReporter -->
<testsuite hostname="DESKTOP-8R7K7D8" failures="0" tests="1" name="practice.test.GetProductInfoTest" time="9.912" errors="0" timestamp="18 Jan 2025 11:58:02 GMT" skipped="0">
  <testcase classname="practice.test.GetProductInfoTest" name="getProductInfoTest" time="9.912"/>
</testsuite> <!-- practice.test.GetProductInfoTest -->
