<?xml version="1.0" encoding="UTF-8"?>
<!-- Generated by org.testng.reporters.JUnitReportReporter -->
<testsuite hostname="DESKTOP-8R7K7D8" failures="0" tests="1" name="com.comcast.crm.orgtest.CreateOrganizationTest" time="15.862" errors="0" timestamp="21 Jan 2025 04:17:49 GMT" skipped="0">
  <testcase classname="com.comcast.crm.orgtest.CreateOrganizationTest" name="createOrganizationwithIndustry" time="15.862"/>
</testsuite> <!-- com.comcast.crm.orgtest.CreateOrganizationTest -->
